2025-07-24 17:00:55,123 [Worker-6: Loading available Gradle versions] INFO  o.e.b.c.i.u.g.PublishedGradleVersions - Gradle version information cache is not available. Remote download required.
2025-07-24 17:10:18,220 [Worker-19: Building] INFO  o.e.m.c.i.l.LifecycleMappingFactory - Using org.eclipse.m2e.jdt.JarLifecycleMapping lifecycle mapping for MavenProject: com.delivery:delivery-service:0.0.1-SNAPSHOT @ C:\Users\2414287\OneDrive - Cognizant\Desktop\EXPERIMENT\OFDS-main\OFDS_DeliveryManagement\pom.xml.
2025-07-24 17:11:20,424 [Worker-19: Building] INFO  o.a.m.s.f.DefaultMavenResourcesFiltering - Copying 1 resource from src\main\resources to target\classes
2025-07-24 17:11:20,534 [Worker-19: Building] INFO  o.a.m.s.f.DefaultMavenResourcesFiltering - Copying 0 resource from src\main\resources to target\classes
2025-07-24 17:11:20,542 [Worker-19: Building] INFO  o.a.m.s.f.DefaultMavenResourcesFiltering - skip non existing resourceDirectory C:\Users\2414287\OneDrive - Cognizant\Desktop\EXPERIMENT\OFDS-main\OFDS_DeliveryManagement\src\test\resources
2025-07-24 17:11:35,821 [Worker-19: Building] INFO  o.e.m.c.i.l.LifecycleMappingFactory - Using org.eclipse.m2e.jdt.JarLifecycleMapping lifecycle mapping for MavenProject: com.ofds:OFDSMenu:0.0.1-SNAPSHOT @ C:\Users\2414287\OneDrive - Cognizant\Desktop\EXPERIMENT\OFDS-main\OFDS_MenuManagement\pom.xml.
2025-07-24 17:12:36,533 [Worker-19: Building] INFO  o.a.m.s.f.DefaultMavenResourcesFiltering - Copying 1 resource from src\main\resources to target\classes
2025-07-24 17:12:36,657 [Worker-19: Building] INFO  o.a.m.s.f.DefaultMavenResourcesFiltering - Copying 2 resources from src\main\resources to target\classes
2025-07-24 17:12:36,938 [Worker-19: Building] INFO  o.a.m.s.f.DefaultMavenResourcesFiltering - skip non existing resourceDirectory C:\Users\2414287\OneDrive - Cognizant\Desktop\EXPERIMENT\OFDS-main\OFDS_MenuManagement\src\test\resources
2025-07-24 17:13:26,932 [Worker-19: Building] INFO  o.e.m.c.i.l.LifecycleMappingFactory - Using org.eclipse.m2e.jdt.JarLifecycleMapping lifecycle mapping for MavenProject: com.example:Restaurant:0.0.1-SNAPSHOT @ C:\Users\2414287\OneDrive - Cognizant\Desktop\EXPERIMENT\OFDS-main\Restaurant\pom.xml.
2025-07-24 17:14:31,860 [Worker-19: Building] INFO  o.a.m.s.f.DefaultMavenResourcesFiltering - Copying 1 resource from src\main\resources to target\classes
2025-07-24 17:14:31,904 [Worker-19: Building] INFO  o.a.m.s.f.DefaultMavenResourcesFiltering - Copying 0 resource from src\main\resources to target\classes
2025-07-24 17:14:31,913 [Worker-19: Building] INFO  o.a.m.s.f.DefaultMavenResourcesFiltering - skip non existing resourceDirectory C:\Users\2414287\OneDrive - Cognizant\Desktop\EXPERIMENT\OFDS-main\Restaurant\src\test\resources
2025-07-24 17:15:39,841 [Worker-19: Building] INFO  o.e.m.c.i.l.LifecycleMappingFactory - Using org.eclipse.m2e.jdt.JarLifecycleMapping lifecycle mapping for MavenProject: com.ofds:api-gateway:0.0.1-SNAPSHOT @ C:\Users\2414287\OneDrive - Cognizant\Desktop\EXPERIMENT\OFDS-main\api-gateway\pom.xml.
2025-07-24 17:16:14,405 [Worker-19: Building] INFO  o.a.m.s.f.DefaultMavenResourcesFiltering - Copying 1 resource
2025-07-24 17:16:14,474 [Worker-19: Building] INFO  o.a.m.s.f.DefaultMavenResourcesFiltering - Copying 0 resource
2025-07-24 17:16:14,482 [Worker-19: Building] INFO  o.a.m.s.f.DefaultMavenResourcesFiltering - skip non existing resourceDirectory C:\Users\2414287\OneDrive - Cognizant\Desktop\EXPERIMENT\OFDS-main\api-gateway\src\test\resources
2025-07-24 17:16:37,428 [Worker-38: Building] INFO  o.a.m.s.f.DefaultMavenResourcesFiltering - Copying 1 resource from src\main\resources to target\classes
2025-07-24 17:16:37,522 [Worker-38: Building] INFO  o.a.m.s.f.DefaultMavenResourcesFiltering - Copying 0 resource from src\main\resources to target\classes
2025-07-24 17:16:37,527 [Worker-38: Building] INFO  o.a.m.s.f.DefaultMavenResourcesFiltering - skip non existing resourceDirectory C:\Users\2414287\OneDrive - Cognizant\Desktop\EXPERIMENT\OFDS-main\OFDS_DeliveryManagement\src\test\resources
2025-07-24 17:16:44,179 [Worker-38: Building] INFO  o.a.m.s.f.DefaultMavenResourcesFiltering - Copying 1 resource from src\main\resources to target\classes
2025-07-24 17:16:44,264 [Worker-38: Building] INFO  o.a.m.s.f.DefaultMavenResourcesFiltering - Copying 2 resources from src\main\resources to target\classes
2025-07-24 17:16:44,476 [Worker-38: Building] INFO  o.a.m.s.f.DefaultMavenResourcesFiltering - skip non existing resourceDirectory C:\Users\2414287\OneDrive - Cognizant\Desktop\EXPERIMENT\OFDS-main\OFDS_MenuManagement\src\test\resources
2025-07-24 17:16:49,764 [Worker-38: Building] INFO  o.a.m.s.f.DefaultMavenResourcesFiltering - Copying 1 resource from src\main\resources to target\classes
2025-07-24 17:16:49,778 [Worker-38: Building] INFO  o.a.m.s.f.DefaultMavenResourcesFiltering - Copying 0 resource from src\main\resources to target\classes
2025-07-24 17:16:49,783 [Worker-38: Building] INFO  o.a.m.s.f.DefaultMavenResourcesFiltering - skip non existing resourceDirectory C:\Users\2414287\OneDrive - Cognizant\Desktop\EXPERIMENT\OFDS-main\Restaurant\src\test\resources
2025-07-24 17:16:54,088 [Worker-38: Building] INFO  o.a.m.s.f.DefaultMavenResourcesFiltering - Copying 1 resource
2025-07-24 17:16:54,149 [Worker-38: Building] INFO  o.a.m.s.f.DefaultMavenResourcesFiltering - Copying 0 resource
2025-07-24 17:16:54,156 [Worker-38: Building] INFO  o.a.m.s.f.DefaultMavenResourcesFiltering - skip non existing resourceDirectory C:\Users\2414287\OneDrive - Cognizant\Desktop\EXPERIMENT\OFDS-main\api-gateway\src\test\resources
2025-07-24 17:17:02,756 [Worker-38: Building] INFO  o.e.m.c.i.l.LifecycleMappingFactory - Using org.eclipse.m2e.jdt.JarLifecycleMapping lifecycle mapping for MavenProject: com.ofds:auth-service:0.0.1-SNAPSHOT @ C:\Users\2414287\OneDrive - Cognizant\Desktop\EXPERIMENT\OFDS-main\auth-service\pom.xml.
2025-07-24 17:17:22,356 [Worker-38: Building] INFO  o.a.m.s.f.DefaultMavenResourcesFiltering - Copying 1 resource from src\main\resources to target\classes
2025-07-24 17:17:22,453 [Worker-38: Building] INFO  o.a.m.s.f.DefaultMavenResourcesFiltering - Copying 0 resource from src\main\resources to target\classes
2025-07-24 17:17:22,461 [Worker-38: Building] INFO  o.a.m.s.f.DefaultMavenResourcesFiltering - skip non existing resourceDirectory C:\Users\2414287\OneDrive - Cognizant\Desktop\EXPERIMENT\OFDS-main\auth-service\src\test\resources
2025-07-24 17:17:40,349 [Worker-38: Building] INFO  o.e.m.c.i.l.LifecycleMappingFactory - Using org.eclipse.m2e.jdt.JarLifecycleMapping lifecycle mapping for MavenProject: com.example.customer:customer:0.0.1-SNAPSHOT @ C:\Users\2414287\OneDrive - Cognizant\Desktop\EXPERIMENT\OFDS-main\customer\pom.xml.
2025-07-24 17:17:56,340 [Worker-38: Building] WARN  o.e.m.c.i.embedder.EclipseLogger - The artifact org.hibernate:hibernate-validator:jar:8.0.1.Final has been relocated to org.hibernate.validator:hibernate-validator:jar:8.0.1.Final
2025-07-24 17:18:03,506 [Worker-38: Building] INFO  o.a.m.s.f.DefaultMavenResourcesFiltering - Copying 1 resource from src\main\resources to target\classes
2025-07-24 17:18:03,536 [Worker-38: Building] INFO  o.a.m.s.f.DefaultMavenResourcesFiltering - Copying 0 resource from src\main\resources to target\classes
2025-07-24 17:18:03,541 [Worker-38: Building] INFO  o.a.m.s.f.DefaultMavenResourcesFiltering - skip non existing resourceDirectory C:\Users\2414287\OneDrive - Cognizant\Desktop\EXPERIMENT\OFDS-main\customer\src\test\resources
2025-07-24 17:18:09,219 [Worker-47: Building] INFO  o.a.m.s.f.DefaultMavenResourcesFiltering - Copying 1 resource from src\main\resources to target\classes
2025-07-24 17:18:09,248 [Worker-47: Building] INFO  o.a.m.s.f.DefaultMavenResourcesFiltering - Copying 0 resource from src\main\resources to target\classes
2025-07-24 17:18:09,253 [Worker-47: Building] INFO  o.a.m.s.f.DefaultMavenResourcesFiltering - skip non existing resourceDirectory C:\Users\2414287\OneDrive - Cognizant\Desktop\EXPERIMENT\OFDS-main\auth-service\src\test\resources
2025-07-24 17:18:13,313 [Worker-47: Building] INFO  o.a.m.s.f.DefaultMavenResourcesFiltering - Copying 1 resource from src\main\resources to target\classes
2025-07-24 17:18:13,318 [Worker-47: Building] INFO  o.a.m.s.f.DefaultMavenResourcesFiltering - Copying 0 resource from src\main\resources to target\classes
2025-07-24 17:18:13,324 [Worker-47: Building] INFO  o.a.m.s.f.DefaultMavenResourcesFiltering - skip non existing resourceDirectory C:\Users\2414287\OneDrive - Cognizant\Desktop\EXPERIMENT\OFDS-main\customer\src\test\resources
2025-07-24 17:18:22,497 [Worker-47: Building] INFO  o.e.m.c.i.l.LifecycleMappingFactory - Using org.eclipse.m2e.jdt.JarLifecycleMapping lifecycle mapping for MavenProject: com.ofds:eurekaserver:0.0.1-SNAPSHOT @ C:\Users\2414287\OneDrive - Cognizant\Desktop\EXPERIMENT\OFDS-main\eurekaServer\pom.xml.
2025-07-24 17:18:45,915 [Worker-47: Building] INFO  o.a.m.s.f.DefaultMavenResourcesFiltering - Copying 1 resource from src\main\resources to target\classes
2025-07-24 17:18:45,949 [Worker-47: Building] INFO  o.a.m.s.f.DefaultMavenResourcesFiltering - Copying 0 resource from src\main\resources to target\classes
2025-07-24 17:18:45,955 [Worker-47: Building] INFO  o.a.m.s.f.DefaultMavenResourcesFiltering - skip non existing resourceDirectory C:\Users\2414287\OneDrive - Cognizant\Desktop\EXPERIMENT\OFDS-main\eurekaServer\src\test\resources
2025-07-24 17:18:48,189 [Worker-48: Building] INFO  o.a.m.s.f.DefaultMavenResourcesFiltering - Copying 1 resource from src\main\resources to target\classes
2025-07-24 17:18:48,193 [Worker-48: Building] INFO  o.a.m.s.f.DefaultMavenResourcesFiltering - Copying 0 resource from src\main\resources to target\classes
2025-07-24 17:18:48,200 [Worker-48: Building] INFO  o.a.m.s.f.DefaultMavenResourcesFiltering - skip non existing resourceDirectory C:\Users\2414287\OneDrive - Cognizant\Desktop\EXPERIMENT\OFDS-main\eurekaServer\src\test\resources
2025-07-24 17:19:14,634 [Worker-48: Building] INFO  o.e.m.c.i.l.LifecycleMappingFactory - Using org.eclipse.m2e.jdt.JarLifecycleMapping lifecycle mapping for MavenProject: com.fooddelivery:order-service:0.0.1-SNAPSHOT @ C:\Users\2414287\OneDrive - Cognizant\Desktop\EXPERIMENT\OFDS-main\order-service\pom.xml.
2025-07-24 17:20:08,762 [Worker-48: Building] INFO  o.a.m.s.f.DefaultMavenResourcesFiltering - Copying 1 resource from src\main\resources to target\classes
2025-07-24 17:20:08,786 [Worker-48: Building] INFO  o.a.m.s.f.DefaultMavenResourcesFiltering - Copying 3 resources from src\main\resources to target\classes
2025-07-24 17:20:08,881 [Worker-48: Building] INFO  o.a.m.s.f.DefaultMavenResourcesFiltering - skip non existing resourceDirectory C:\Users\2414287\OneDrive - Cognizant\Desktop\EXPERIMENT\OFDS-main\order-service\src\test\resources
2025-07-24 17:20:15,229 [Worker-24: Building] INFO  o.a.m.s.f.DefaultMavenResourcesFiltering - Copying 1 resource from src\main\resources to target\classes
2025-07-24 17:20:15,235 [Worker-24: Building] INFO  o.a.m.s.f.DefaultMavenResourcesFiltering - Copying 3 resources from src\main\resources to target\classes
2025-07-24 17:20:15,287 [Worker-24: Building] INFO  o.a.m.s.f.DefaultMavenResourcesFiltering - skip non existing resourceDirectory C:\Users\2414287\OneDrive - Cognizant\Desktop\EXPERIMENT\OFDS-main\order-service\src\test\resources
2025-07-24 17:20:31,759 [Worker-24: Building] INFO  o.e.m.c.i.l.LifecycleMappingFactory - Using org.eclipse.m2e.jdt.JarLifecycleMapping lifecycle mapping for MavenProject: com.example:demo:0.0.1-SNAPSHOT @ C:\Users\2414287\OneDrive - Cognizant\Desktop\EXPERIMENT\OFDS-main\paymentmodule\pom.xml.
2025-07-24 17:21:03,646 [Worker-24: Building] INFO  o.a.m.s.f.DefaultMavenResourcesFiltering - Copying 1 resource from src\main\resources to target\classes
2025-07-24 17:21:03,680 [Worker-24: Building] INFO  o.a.m.s.f.DefaultMavenResourcesFiltering - Copying 3 resources from src\main\resources to target\classes
2025-07-24 17:21:03,829 [Worker-24: Building] INFO  o.a.m.s.f.DefaultMavenResourcesFiltering - skip non existing resourceDirectory C:\Users\2414287\OneDrive - Cognizant\Desktop\EXPERIMENT\OFDS-main\paymentmodule\src\test\resources
2025-07-24 17:21:14,047 [Worker-40: Building] INFO  o.a.m.s.f.DefaultMavenResourcesFiltering - Copying 1 resource from src\main\resources to target\classes
2025-07-24 17:21:14,189 [Worker-40: Building] INFO  o.a.m.s.f.DefaultMavenResourcesFiltering - Copying 3 resources from src\main\resources to target\classes
2025-07-24 17:21:14,490 [Worker-40: Building] INFO  o.a.m.s.f.DefaultMavenResourcesFiltering - skip non existing resourceDirectory C:\Users\2414287\OneDrive - Cognizant\Desktop\EXPERIMENT\OFDS-main\paymentmodule\src\test\resources
2025-07-25 09:39:15,065 [Worker-2: Loading available Gradle versions] INFO  o.e.b.c.i.u.g.PublishedGradleVersions - Gradle version information cache is up-to-date. Trying to read.
2025-07-25 09:42:13,706 [Worker-4: Loading available Gradle versions] INFO  o.e.b.c.i.u.g.PublishedGradleVersions - Gradle version information cache is up-to-date. Trying to read.
2025-07-25 09:45:38,754 [Worker-7: Check for devtools] WARN  o.e.m.c.i.embedder.EclipseLogger - The artifact org.hibernate:hibernate-validator:jar:8.0.1.Final has been relocated to org.hibernate.validator:hibernate-validator:jar:8.0.1.Final
2025-07-25 10:29:51,141 [Worker-4: Building] INFO  o.a.m.s.f.DefaultMavenResourcesFiltering - Copying 1 resource
2025-07-25 10:29:51,200 [Worker-4: Building] INFO  o.a.m.s.f.DefaultMavenResourcesFiltering - Copying 0 resource
2025-07-25 10:29:51,210 [Worker-4: Building] INFO  o.a.m.s.f.DefaultMavenResourcesFiltering - skip non existing resourceDirectory C:\Users\2414287\OneDrive - Cognizant\Desktop\EXPERIMENT\OFDS-main\api-gateway\src\test\resources
2025-07-25 11:20:17,570 [Worker-9: Building] INFO  o.a.m.s.f.DefaultMavenResourcesFiltering - Copying 1 resource
2025-07-25 11:20:17,715 [Worker-9: Building] INFO  o.a.m.s.f.DefaultMavenResourcesFiltering - Copying 0 resource
2025-07-25 11:20:17,724 [Worker-9: Building] INFO  o.a.m.s.f.DefaultMavenResourcesFiltering - skip non existing resourceDirectory C:\Users\2414287\OneDrive - Cognizant\Desktop\EXPERIMENT\OFDS-main\api-gateway\src\test\resources
2025-07-25 12:26:43,032 [Worker-26: Building] INFO  o.a.m.s.f.DefaultMavenResourcesFiltering - Copying 1 resource from src\main\resources to target\classes
2025-07-25 12:26:43,262 [Worker-26: Building] INFO  o.a.m.s.f.DefaultMavenResourcesFiltering - Copying 0 resource from src\main\resources to target\classes
2025-07-25 12:26:43,271 [Worker-26: Building] INFO  o.a.m.s.f.DefaultMavenResourcesFiltering - skip non existing resourceDirectory C:\Users\2414287\OneDrive - Cognizant\Desktop\EXPERIMENT\OFDS-main\auth-service\src\test\resources
2025-07-25 12:26:49,171 [Worker-51: Building] INFO  o.a.m.s.f.DefaultMavenResourcesFiltering - Copying 1 resource from src\main\resources to target\classes
2025-07-25 12:26:49,191 [Worker-51: Building] INFO  o.a.m.s.f.DefaultMavenResourcesFiltering - Copying 0 resource from src\main\resources to target\classes
2025-07-25 12:26:49,196 [Worker-51: Building] INFO  o.a.m.s.f.DefaultMavenResourcesFiltering - skip non existing resourceDirectory C:\Users\2414287\OneDrive - Cognizant\Desktop\EXPERIMENT\OFDS-main\auth-service\src\test\resources
2025-07-25 12:47:46,294 [Worker-52: Building] INFO  o.a.m.s.f.DefaultMavenResourcesFiltering - Copying 1 resource from src\main\resources to target\classes
2025-07-25 12:47:46,342 [Worker-52: Building] INFO  o.a.m.s.f.DefaultMavenResourcesFiltering - Copying 0 resource from src\main\resources to target\classes
2025-07-25 12:47:46,346 [Worker-52: Building] INFO  o.a.m.s.f.DefaultMavenResourcesFiltering - skip non existing resourceDirectory C:\Users\2414287\OneDrive - Cognizant\Desktop\EXPERIMENT\OFDS-main\auth-service\src\test\resources
2025-07-25 14:30:50,196 [Worker-46: Building] INFO  o.a.m.s.f.DefaultMavenResourcesFiltering - Copying 0 resource from src\main\resources to target\classes
2025-07-25 14:30:50,206 [Worker-46: Building] INFO  o.a.m.s.f.DefaultMavenResourcesFiltering - Copying 0 resource from src\main\resources to target\classes
2025-07-25 14:30:50,212 [Worker-46: Building] INFO  o.a.m.s.f.DefaultMavenResourcesFiltering - skip non existing resourceDirectory C:\Users\2414287\OneDrive - Cognizant\Desktop\EXPERIMENT\OFDS-main\auth-service\src\test\resources
2025-07-25 14:59:37,803 [Worker-2: Loading available Gradle versions] INFO  o.e.b.c.i.u.g.PublishedGradleVersions - Gradle version information cache is up-to-date. Trying to read.
2025-07-25 15:00:11,087 [Worker-0: Building] INFO  o.a.m.s.f.DefaultMavenResourcesFiltering - Copying 1 resource from src\main\resources to target\classes
2025-07-25 15:00:11,158 [Worker-0: Building] INFO  o.a.m.s.f.DefaultMavenResourcesFiltering - Copying 0 resource from src\main\resources to target\classes
2025-07-25 15:00:11,166 [Worker-0: Building] INFO  o.a.m.s.f.DefaultMavenResourcesFiltering - skip non existing resourceDirectory C:\Users\2414287\OneDrive - Cognizant\Desktop\EXPERIMENT\OFDS-main\Restaurant\src\test\resources
2025-07-25 15:00:15,549 [Worker-10: Building] INFO  o.a.m.s.f.DefaultMavenResourcesFiltering - Copying 0 resource from src\main\resources to target\classes
2025-07-25 15:00:15,550 [Worker-10: Building] INFO  o.a.m.s.f.DefaultMavenResourcesFiltering - Copying 0 resource from src\main\resources to target\classes
2025-07-25 15:00:15,555 [Worker-10: Building] INFO  o.a.m.s.f.DefaultMavenResourcesFiltering - skip non existing resourceDirectory C:\Users\2414287\OneDrive - Cognizant\Desktop\EXPERIMENT\OFDS-main\Restaurant\src\test\resources
2025-07-25 15:00:28,319 [Worker-10: Building] INFO  o.a.m.s.f.DefaultMavenResourcesFiltering - Copying 1 resource from src\main\resources to target\classes
2025-07-25 15:00:28,407 [Worker-10: Building] INFO  o.a.m.s.f.DefaultMavenResourcesFiltering - Copying 0 resource from src\main\resources to target\classes
2025-07-25 15:00:28,422 [Worker-10: Building] INFO  o.a.m.s.f.DefaultMavenResourcesFiltering - skip non existing resourceDirectory C:\Users\2414287\OneDrive - Cognizant\Desktop\EXPERIMENT\OFDS-main\auth-service\src\test\resources
2025-07-25 15:00:31,288 [Worker-4: Building] INFO  o.a.m.s.f.DefaultMavenResourcesFiltering - Copying 0 resource from src\main\resources to target\classes
2025-07-25 15:00:31,290 [Worker-4: Building] INFO  o.a.m.s.f.DefaultMavenResourcesFiltering - Copying 0 resource from src\main\resources to target\classes
2025-07-25 15:00:31,298 [Worker-4: Building] INFO  o.a.m.s.f.DefaultMavenResourcesFiltering - skip non existing resourceDirectory C:\Users\2414287\OneDrive - Cognizant\Desktop\EXPERIMENT\OFDS-main\auth-service\src\test\resources
2025-07-25 15:01:04,057 [Worker-18: Check for devtools] WARN  o.e.m.c.i.embedder.EclipseLogger - The artifact org.hibernate:hibernate-validator:jar:8.0.1.Final has been relocated to org.hibernate.validator:hibernate-validator:jar:8.0.1.Final
2025-07-25 20:08:16,411 [Worker-19: Building] INFO  o.a.m.s.f.DefaultMavenResourcesFiltering - Copying 1 resource from src\main\resources to target\classes
2025-07-25 20:08:16,463 [Worker-19: Building] INFO  o.a.m.s.f.DefaultMavenResourcesFiltering - Copying 3 resources from src\main\resources to target\classes
2025-07-25 20:08:16,511 [Worker-19: Building] INFO  o.a.m.s.f.DefaultMavenResourcesFiltering - skip non existing resourceDirectory C:\Users\2414287\OneDrive - Cognizant\Desktop\EXPERIMENT\OFDS-main\order-service\src\test\resources
2025-07-25 20:50:40,344 [Worker-53: Building] INFO  o.a.m.s.f.DefaultMavenResourcesFiltering - Copying 1 resource from src\main\resources to target\classes
2025-07-25 20:50:40,385 [Worker-53: Building] INFO  o.a.m.s.f.DefaultMavenResourcesFiltering - Copying 3 resources from src\main\resources to target\classes
2025-07-25 20:50:40,418 [Worker-53: Building] INFO  o.a.m.s.f.DefaultMavenResourcesFiltering - skip non existing resourceDirectory C:\Users\2414287\OneDrive - Cognizant\Desktop\EXPERIMENT\OFDS-main\order-service\src\test\resources
2025-07-25 21:30:51,366 [Worker-1: Building] INFO  o.a.m.s.f.DefaultMavenResourcesFiltering - Copying 1 resource from src\main\resources to target\classes
2025-07-25 21:30:51,580 [Worker-1: Building] INFO  o.a.m.s.f.DefaultMavenResourcesFiltering - Copying 3 resources from src\main\resources to target\classes
2025-07-25 21:30:51,733 [Worker-1: Building] INFO  o.a.m.s.f.DefaultMavenResourcesFiltering - skip non existing resourceDirectory C:\Users\2414287\OneDrive - Cognizant\Desktop\EXPERIMENT\OFDS-main\order-service\src\test\resources
2025-07-25 21:39:48,449 [Worker-55: Building] INFO  o.a.m.s.f.DefaultMavenResourcesFiltering - Copying 1 resource from src\main\resources to target\classes
2025-07-25 21:39:48,547 [Worker-55: Building] INFO  o.a.m.s.f.DefaultMavenResourcesFiltering - Copying 3 resources from src\main\resources to target\classes
2025-07-25 21:39:48,653 [Worker-55: Building] INFO  o.a.m.s.f.DefaultMavenResourcesFiltering - skip non existing resourceDirectory C:\Users\2414287\OneDrive - Cognizant\Desktop\EXPERIMENT\OFDS-main\order-service\src\test\resources
2025-07-25 21:40:29,672 [Worker-51: Building] INFO  o.a.m.s.f.DefaultMavenResourcesFiltering - Copying 1 resource from src\main\resources to target\classes
2025-07-25 21:40:29,696 [Worker-51: Building] INFO  o.a.m.s.f.DefaultMavenResourcesFiltering - Copying 3 resources from src\main\resources to target\classes
2025-07-25 21:40:29,749 [Worker-51: Building] INFO  o.a.m.s.f.DefaultMavenResourcesFiltering - skip non existing resourceDirectory C:\Users\2414287\OneDrive - Cognizant\Desktop\EXPERIMENT\OFDS-main\order-service\src\test\resources
2025-07-25 21:40:34,932 [Worker-25: Building] INFO  o.a.m.s.f.DefaultMavenResourcesFiltering - Copying 1 resource from src\main\resources to target\classes
2025-07-25 21:40:34,946 [Worker-25: Building] INFO  o.a.m.s.f.DefaultMavenResourcesFiltering - Copying 3 resources from src\main\resources to target\classes
2025-07-25 21:40:35,082 [Worker-25: Building] INFO  o.a.m.s.f.DefaultMavenResourcesFiltering - skip non existing resourceDirectory C:\Users\2414287\OneDrive - Cognizant\Desktop\EXPERIMENT\OFDS-main\order-service\src\test\resources
2025-07-25 21:43:22,500 [Worker-37: Building] INFO  o.a.m.s.f.DefaultMavenResourcesFiltering - Copying 1 resource from src\main\resources to target\classes
2025-07-25 21:43:22,517 [Worker-37: Building] INFO  o.a.m.s.f.DefaultMavenResourcesFiltering - Copying 3 resources from src\main\resources to target\classes
2025-07-25 21:43:22,553 [Worker-37: Building] INFO  o.a.m.s.f.DefaultMavenResourcesFiltering - skip non existing resourceDirectory C:\Users\2414287\OneDrive - Cognizant\Desktop\EXPERIMENT\OFDS-main\order-service\src\test\resources
2025-07-25 23:16:28,346 [Worker-73: Building] INFO  o.a.m.s.f.DefaultMavenResourcesFiltering - Copying 1 resource from src\main\resources to target\classes
2025-07-25 23:16:28,422 [Worker-73: Building] INFO  o.a.m.s.f.DefaultMavenResourcesFiltering - Copying 0 resource from src\main\resources to target\classes
2025-07-25 23:16:28,433 [Worker-73: Building] INFO  o.a.m.s.f.DefaultMavenResourcesFiltering - skip non existing resourceDirectory C:\Users\2414287\OneDrive - Cognizant\Desktop\EXPERIMENT\OFDS-main\auth-service\src\test\resources
2025-07-25 23:16:41,674 [Worker-74: Building] INFO  o.a.m.s.f.DefaultMavenResourcesFiltering - Copying 1 resource from src\main\resources to target\classes
2025-07-25 23:16:41,690 [Worker-74: Building] INFO  o.a.m.s.f.DefaultMavenResourcesFiltering - Copying 0 resource from src\main\resources to target\classes
2025-07-25 23:16:41,695 [Worker-74: Building] INFO  o.a.m.s.f.DefaultMavenResourcesFiltering - skip non existing resourceDirectory C:\Users\2414287\OneDrive - Cognizant\Desktop\EXPERIMENT\OFDS-main\auth-service\src\test\resources
2025-07-25 23:23:44,573 [Worker-68: Building] INFO  o.a.m.s.f.DefaultMavenResourcesFiltering - Copying 1 resource from src\main\resources to target\classes
2025-07-25 23:23:44,608 [Worker-68: Building] INFO  o.a.m.s.f.DefaultMavenResourcesFiltering - Copying 3 resources from src\main\resources to target\classes
2025-07-25 23:23:44,641 [Worker-68: Building] INFO  o.a.m.s.f.DefaultMavenResourcesFiltering - skip non existing resourceDirectory C:\Users\2414287\OneDrive - Cognizant\Desktop\EXPERIMENT\OFDS-main\order-service\src\test\resources
2025-07-25 23:29:50,847 [Worker-24: Building] INFO  o.a.m.s.f.DefaultMavenResourcesFiltering - Copying 1 resource from src\main\resources to target\classes
2025-07-25 23:29:51,023 [Worker-24: Building] INFO  o.a.m.s.f.DefaultMavenResourcesFiltering - Copying 3 resources from src\main\resources to target\classes
2025-07-25 23:29:51,055 [Worker-24: Building] INFO  o.a.m.s.f.DefaultMavenResourcesFiltering - skip non existing resourceDirectory C:\Users\2414287\OneDrive - Cognizant\Desktop\EXPERIMENT\OFDS-main\order-service\src\test\resources
2025-07-25 23:30:14,543 [Worker-74: Building] INFO  o.a.m.s.f.DefaultMavenResourcesFiltering - Copying 1 resource from src\main\resources to target\classes
2025-07-25 23:30:14,611 [Worker-74: Building] INFO  o.a.m.s.f.DefaultMavenResourcesFiltering - Copying 3 resources from src\main\resources to target\classes
2025-07-25 23:30:14,643 [Worker-74: Building] INFO  o.a.m.s.f.DefaultMavenResourcesFiltering - skip non existing resourceDirectory C:\Users\2414287\OneDrive - Cognizant\Desktop\EXPERIMENT\OFDS-main\order-service\src\test\resources
2025-07-25 23:32:57,943 [Worker-76: Building] INFO  o.a.m.s.f.DefaultMavenResourcesFiltering - Copying 1 resource from src\main\resources to target\classes
2025-07-25 23:32:57,972 [Worker-76: Building] INFO  o.a.m.s.f.DefaultMavenResourcesFiltering - Copying 3 resources from src\main\resources to target\classes
2025-07-25 23:32:58,005 [Worker-76: Building] INFO  o.a.m.s.f.DefaultMavenResourcesFiltering - skip non existing resourceDirectory C:\Users\2414287\OneDrive - Cognizant\Desktop\EXPERIMENT\OFDS-main\order-service\src\test\resources
2025-07-25 23:34:20,224 [Worker-66: Building] INFO  o.a.m.s.f.DefaultMavenResourcesFiltering - Copying 1 resource from src\main\resources to target\classes
2025-07-25 23:34:20,251 [Worker-66: Building] INFO  o.a.m.s.f.DefaultMavenResourcesFiltering - Copying 3 resources from src\main\resources to target\classes
2025-07-25 23:34:20,282 [Worker-66: Building] INFO  o.a.m.s.f.DefaultMavenResourcesFiltering - skip non existing resourceDirectory C:\Users\2414287\OneDrive - Cognizant\Desktop\EXPERIMENT\OFDS-main\order-service\src\test\resources
2025-07-25 23:43:21,671 [Worker-65: Building] INFO  o.a.m.s.f.DefaultMavenResourcesFiltering - Copying 1 resource from src\main\resources to target\classes
2025-07-25 23:43:21,733 [Worker-65: Building] INFO  o.a.m.s.f.DefaultMavenResourcesFiltering - Copying 3 resources from src\main\resources to target\classes
2025-07-25 23:43:22,115 [Worker-65: Building] INFO  o.a.m.s.f.DefaultMavenResourcesFiltering - skip non existing resourceDirectory C:\Users\2414287\OneDrive - Cognizant\Desktop\EXPERIMENT\OFDS-main\order-service\src\test\resources
2025-07-25 23:43:39,193 [Worker-77: Building] INFO  o.a.m.s.f.DefaultMavenResourcesFiltering - Copying 1 resource from src\main\resources to target\classes
2025-07-25 23:43:39,230 [Worker-77: Building] INFO  o.a.m.s.f.DefaultMavenResourcesFiltering - Copying 0 resource from src\main\resources to target\classes
2025-07-25 23:43:39,232 [Worker-77: Building] INFO  o.a.m.s.f.DefaultMavenResourcesFiltering - skip non existing resourceDirectory C:\Users\2414287\OneDrive - Cognizant\Desktop\EXPERIMENT\OFDS-main\auth-service\src\test\resources
2025-07-26 08:14:21,871 [Worker-137: Building] INFO  o.a.m.s.f.DefaultMavenResourcesFiltering - Copying 1 resource from src\main\resources to target\classes
2025-07-26 08:14:22,027 [Worker-137: Building] INFO  o.a.m.s.f.DefaultMavenResourcesFiltering - Copying 3 resources from src\main\resources to target\classes
2025-07-26 08:14:22,064 [Worker-137: Building] INFO  o.a.m.s.f.DefaultMavenResourcesFiltering - skip non existing resourceDirectory C:\Users\2414287\OneDrive - Cognizant\Desktop\EXPERIMENT\OFDS-main\order-service\src\test\resources
2025-07-26 09:41:19,133 [Worker-151: Building] INFO  o.a.m.s.f.DefaultMavenResourcesFiltering - Copying 1 resource from src\main\resources to target\classes
2025-07-26 09:41:19,261 [Worker-151: Building] INFO  o.a.m.s.f.DefaultMavenResourcesFiltering - Copying 0 resource from src\main\resources to target\classes
2025-07-26 09:41:19,268 [Worker-151: Building] INFO  o.a.m.s.f.DefaultMavenResourcesFiltering - skip non existing resourceDirectory C:\Users\2414287\OneDrive - Cognizant\Desktop\EXPERIMENT\OFDS-main\OFDS_DeliveryManagement\src\test\resources
2025-07-26 09:41:53,231 [Worker-153: Building] INFO  o.a.m.s.f.DefaultMavenResourcesFiltering - Copying 1 resource from src\main\resources to target\classes
2025-07-26 09:41:53,258 [Worker-153: Building] INFO  o.a.m.s.f.DefaultMavenResourcesFiltering - Copying 0 resource from src\main\resources to target\classes
2025-07-26 09:41:53,266 [Worker-153: Building] INFO  o.a.m.s.f.DefaultMavenResourcesFiltering - skip non existing resourceDirectory C:\Users\2414287\OneDrive - Cognizant\Desktop\EXPERIMENT\OFDS-main\OFDS_DeliveryManagement\src\test\resources
2025-07-26 09:43:28,741 [Worker-155: Building] INFO  o.a.m.s.f.DefaultMavenResourcesFiltering - Copying 1 resource from src\main\resources to target\classes
2025-07-26 09:43:28,762 [Worker-155: Building] INFO  o.a.m.s.f.DefaultMavenResourcesFiltering - Copying 0 resource from src\main\resources to target\classes
2025-07-26 09:43:28,767 [Worker-155: Building] INFO  o.a.m.s.f.DefaultMavenResourcesFiltering - skip non existing resourceDirectory C:\Users\2414287\OneDrive - Cognizant\Desktop\EXPERIMENT\OFDS-main\OFDS_DeliveryManagement\src\test\resources
2025-07-26 09:43:51,437 [Worker-154: Building] INFO  o.a.m.s.f.DefaultMavenResourcesFiltering - Copying 1 resource from src\main\resources to target\classes
2025-07-26 09:43:51,454 [Worker-154: Building] INFO  o.a.m.s.f.DefaultMavenResourcesFiltering - Copying 0 resource from src\main\resources to target\classes
2025-07-26 09:43:51,457 [Worker-154: Building] INFO  o.a.m.s.f.DefaultMavenResourcesFiltering - skip non existing resourceDirectory C:\Users\2414287\OneDrive - Cognizant\Desktop\EXPERIMENT\OFDS-main\OFDS_DeliveryManagement\src\test\resources
2025-07-26 09:44:13,398 [Worker-156: Building] INFO  o.a.m.s.f.DefaultMavenResourcesFiltering - Copying 1 resource from src\main\resources to target\classes
2025-07-26 09:44:13,443 [Worker-156: Building] INFO  o.a.m.s.f.DefaultMavenResourcesFiltering - Copying 0 resource from src\main\resources to target\classes
2025-07-26 09:44:13,454 [Worker-156: Building] INFO  o.a.m.s.f.DefaultMavenResourcesFiltering - skip non existing resourceDirectory C:\Users\2414287\OneDrive - Cognizant\Desktop\EXPERIMENT\OFDS-main\OFDS_DeliveryManagement\src\test\resources
2025-07-26 10:07:56,623 [Worker-162: Building] INFO  o.a.m.s.f.DefaultMavenResourcesFiltering - Copying 1 resource from src\main\resources to target\classes
2025-07-26 10:07:56,729 [Worker-162: Building] INFO  o.a.m.s.f.DefaultMavenResourcesFiltering - Copying 3 resources from src\main\resources to target\classes
2025-07-26 10:07:56,774 [Worker-162: Building] INFO  o.a.m.s.f.DefaultMavenResourcesFiltering - skip non existing resourceDirectory C:\Users\2414287\OneDrive - Cognizant\Desktop\EXPERIMENT\OFDS-main\order-service\src\test\resources
2025-07-26 10:08:10,445 [Worker-163: Building] INFO  o.a.m.s.f.DefaultMavenResourcesFiltering - Copying 1 resource from src\main\resources to target\classes
2025-07-26 10:08:10,464 [Worker-163: Building] INFO  o.a.m.s.f.DefaultMavenResourcesFiltering - Copying 3 resources from src\main\resources to target\classes
2025-07-26 10:08:10,504 [Worker-163: Building] INFO  o.a.m.s.f.DefaultMavenResourcesFiltering - skip non existing resourceDirectory C:\Users\2414287\OneDrive - Cognizant\Desktop\EXPERIMENT\OFDS-main\order-service\src\test\resources
2025-07-26 10:08:39,099 [Worker-161: Building] INFO  o.a.m.s.f.DefaultMavenResourcesFiltering - Copying 1 resource from src\main\resources to target\classes
2025-07-26 10:08:39,118 [Worker-161: Building] INFO  o.a.m.s.f.DefaultMavenResourcesFiltering - Copying 3 resources from src\main\resources to target\classes
2025-07-26 10:08:39,149 [Worker-161: Building] INFO  o.a.m.s.f.DefaultMavenResourcesFiltering - skip non existing resourceDirectory C:\Users\2414287\OneDrive - Cognizant\Desktop\EXPERIMENT\OFDS-main\order-service\src\test\resources
2025-07-26 10:08:42,369 [Worker-163: Building] INFO  o.a.m.s.f.DefaultMavenResourcesFiltering - Copying 1 resource from src\main\resources to target\classes
2025-07-26 10:08:42,409 [Worker-163: Building] INFO  o.a.m.s.f.DefaultMavenResourcesFiltering - Copying 0 resource from src\main\resources to target\classes
2025-07-26 10:08:42,414 [Worker-163: Building] INFO  o.a.m.s.f.DefaultMavenResourcesFiltering - skip non existing resourceDirectory C:\Users\2414287\OneDrive - Cognizant\Desktop\EXPERIMENT\OFDS-main\OFDS_DeliveryManagement\src\test\resources
2025-07-26 10:12:09,987 [Worker-157: Building] INFO  o.a.m.s.f.DefaultMavenResourcesFiltering - Copying 1 resource from src\main\resources to target\classes
2025-07-26 10:12:10,002 [Worker-157: Building] INFO  o.a.m.s.f.DefaultMavenResourcesFiltering - Copying 3 resources from src\main\resources to target\classes
2025-07-26 10:12:10,036 [Worker-157: Building] INFO  o.a.m.s.f.DefaultMavenResourcesFiltering - skip non existing resourceDirectory C:\Users\2414287\OneDrive - Cognizant\Desktop\EXPERIMENT\OFDS-main\order-service\src\test\resources
2025-07-26 10:12:54,734 [Worker-162: Building] INFO  o.a.m.s.f.DefaultMavenResourcesFiltering - Copying 1 resource from src\main\resources to target\classes
2025-07-26 10:12:54,748 [Worker-162: Building] INFO  o.a.m.s.f.DefaultMavenResourcesFiltering - Copying 3 resources from src\main\resources to target\classes
2025-07-26 10:12:54,780 [Worker-162: Building] INFO  o.a.m.s.f.DefaultMavenResourcesFiltering - skip non existing resourceDirectory C:\Users\2414287\OneDrive - Cognizant\Desktop\EXPERIMENT\OFDS-main\order-service\src\test\resources
2025-07-26 10:15:35,695 [Worker-163: Building] INFO  o.a.m.s.f.DefaultMavenResourcesFiltering - Copying 1 resource from src\main\resources to target\classes
2025-07-26 10:15:35,712 [Worker-163: Building] INFO  o.a.m.s.f.DefaultMavenResourcesFiltering - Copying 0 resource from src\main\resources to target\classes
2025-07-26 10:15:35,715 [Worker-163: Building] INFO  o.a.m.s.f.DefaultMavenResourcesFiltering - skip non existing resourceDirectory C:\Users\2414287\OneDrive - Cognizant\Desktop\EXPERIMENT\OFDS-main\OFDS_DeliveryManagement\src\test\resources
2025-07-26 10:25:40,539 [Worker-175: Building] INFO  o.a.m.s.f.DefaultMavenResourcesFiltering - Copying 1 resource from src\main\resources to target\classes
2025-07-26 10:25:40,567 [Worker-175: Building] INFO  o.a.m.s.f.DefaultMavenResourcesFiltering - Copying 3 resources from src\main\resources to target\classes
2025-07-26 10:25:40,595 [Worker-175: Building] INFO  o.a.m.s.f.DefaultMavenResourcesFiltering - skip non existing resourceDirectory C:\Users\2414287\OneDrive - Cognizant\Desktop\EXPERIMENT\OFDS-main\order-service\src\test\resources
2025-07-26 10:28:50,139 [Worker-168: Updating Maven Project] INFO  o.e.m.c.i.p.ProjectConfigurationManager - Update started
2025-07-26 10:28:56,749 [Worker-168: Updating Maven Project] INFO  o.e.m.c.i.l.LifecycleMappingFactory - Using org.eclipse.m2e.jdt.JarLifecycleMapping lifecycle mapping for MavenProject: com.fooddelivery:order-service:0.0.1-SNAPSHOT @ C:\Users\2414287\OneDrive - Cognizant\Desktop\EXPERIMENT\OFDS-main\order-service\pom.xml.
2025-07-26 10:29:28,916 [Worker-168: Updating Maven Project] INFO  o.e.m.j.i.AbstractJavaProjectConfigurator - Adding source folder /order-service/src/main/java
2025-07-26 10:29:28,926 [Worker-168: Updating Maven Project] INFO  o.e.m.j.i.AbstractJavaProjectConfigurator - Adding resource folder /order-service/src/main/resources
2025-07-26 10:29:28,929 [Worker-168: Updating Maven Project] INFO  o.e.m.j.i.AbstractJavaProjectConfigurator - Adding resource folder /order-service/src/main/resources
2025-07-26 10:29:28,929 [Worker-168: Updating Maven Project] INFO  o.e.m.j.i.AbstractJavaProjectConfigurator - Adding source folder /order-service/src/test/java
2025-07-26 10:29:28,930 [Worker-168: Updating Maven Project] INFO  o.e.m.j.i.AbstractJavaProjectConfigurator - Adding resource folder /order-service/src/test/resources
2025-07-26 10:29:30,566 [Worker-168: Updating Maven Project] INFO  o.e.m.c.i.p.ProjectConfigurationManager - Update completed for 1 poms: local refresh takes 1.00 sec, refresh facades takes 36.00 sec, update config takes 2.00 sec 
2025-07-26 10:29:33,368 [Worker-174: Building] INFO  o.a.m.s.f.DefaultMavenResourcesFiltering - Copying 1 resource from src\main\resources to target\classes
2025-07-26 10:29:33,434 [Worker-174: Building] INFO  o.a.m.s.f.DefaultMavenResourcesFiltering - Copying 3 resources from src\main\resources to target\classes
2025-07-26 10:29:33,562 [Worker-174: Building] INFO  o.a.m.s.f.DefaultMavenResourcesFiltering - skip non existing resourceDirectory C:\Users\2414287\OneDrive - Cognizant\Desktop\EXPERIMENT\OFDS-main\order-service\src\test\resources
2025-07-26 10:35:35,543 [Worker-176: Building] INFO  o.a.m.s.f.DefaultMavenResourcesFiltering - Copying 1 resource from src\main\resources to target\classes
2025-07-26 10:35:35,573 [Worker-176: Building] INFO  o.a.m.s.f.DefaultMavenResourcesFiltering - Copying 0 resource from src\main\resources to target\classes
2025-07-26 10:35:35,576 [Worker-176: Building] INFO  o.a.m.s.f.DefaultMavenResourcesFiltering - skip non existing resourceDirectory C:\Users\2414287\OneDrive - Cognizant\Desktop\EXPERIMENT\OFDS-main\OFDS_DeliveryManagement\src\test\resources
2025-07-26 10:37:37,307 [Worker-176: Building] INFO  o.a.m.s.f.DefaultMavenResourcesFiltering - Copying 1 resource from src\main\resources to target\classes
2025-07-26 10:37:37,322 [Worker-176: Building] INFO  o.a.m.s.f.DefaultMavenResourcesFiltering - Copying 0 resource from src\main\resources to target\classes
2025-07-26 10:37:37,325 [Worker-176: Building] INFO  o.a.m.s.f.DefaultMavenResourcesFiltering - skip non existing resourceDirectory C:\Users\2414287\OneDrive - Cognizant\Desktop\EXPERIMENT\OFDS-main\OFDS_DeliveryManagement\src\test\resources
2025-07-26 10:41:55,549 [Worker-178: Building] INFO  o.a.m.s.f.DefaultMavenResourcesFiltering - Copying 1 resource from src\main\resources to target\classes
2025-07-26 10:41:55,565 [Worker-178: Building] INFO  o.a.m.s.f.DefaultMavenResourcesFiltering - Copying 0 resource from src\main\resources to target\classes
2025-07-26 10:41:55,567 [Worker-178: Building] INFO  o.a.m.s.f.DefaultMavenResourcesFiltering - skip non existing resourceDirectory C:\Users\2414287\OneDrive - Cognizant\Desktop\EXPERIMENT\OFDS-main\OFDS_DeliveryManagement\src\test\resources
2025-07-26 10:44:28,292 [Worker-190: Building] INFO  o.a.m.s.f.DefaultMavenResourcesFiltering - Copying 1 resource from src\main\resources to target\classes
2025-07-26 10:44:28,309 [Worker-190: Building] INFO  o.a.m.s.f.DefaultMavenResourcesFiltering - Copying 0 resource from src\main\resources to target\classes
2025-07-26 10:44:28,311 [Worker-190: Building] INFO  o.a.m.s.f.DefaultMavenResourcesFiltering - skip non existing resourceDirectory C:\Users\2414287\OneDrive - Cognizant\Desktop\EXPERIMENT\OFDS-main\OFDS_DeliveryManagement\src\test\resources
2025-07-26 11:12:03,801 [Worker-191: Building] INFO  o.a.m.s.f.DefaultMavenResourcesFiltering - Copying 1 resource from src\main\resources to target\classes
2025-07-26 11:12:04,167 [Worker-191: Building] INFO  o.a.m.s.f.DefaultMavenResourcesFiltering - Copying 0 resource from src\main\resources to target\classes
2025-07-26 11:12:04,178 [Worker-191: Building] INFO  o.a.m.s.f.DefaultMavenResourcesFiltering - skip non existing resourceDirectory C:\Users\2414287\OneDrive - Cognizant\Desktop\EXPERIMENT\OFDS-main\OFDS_DeliveryManagement\src\test\resources
2025-07-26 11:43:26,013 [Worker-7: Loading available Gradle versions] INFO  o.e.b.c.i.u.g.PublishedGradleVersions - Gradle version information cache is out-of-date. Trying to update.
