2025-07-26 13:10:27,313 [Worker-1: Loading available Gradle versions] INFO  o.e.b.c.i.u.g.PublishedGradleVersions - Gradle version information cache is not available. Remote download required.
2025-07-26 13:13:43,609 [Worker-6: Building] INFO  o.e.m.c.i.l.LifecycleMappingFactory - Using org.eclipse.m2e.jdt.JarLifecycleMapping lifecycle mapping for MavenProject: com.delivery:delivery-service:0.0.1-SNAPSHOT @ C:\Users\2414287\OneDrive - Cognizant\Desktop\EXPERIMENT - Copy\OFDS-main\OFDS_DeliveryManagement\pom.xml.
2025-07-26 13:14:20,898 [Worker-6: Building] INFO  o.a.m.s.f.DefaultMavenResourcesFiltering - Copying 1 resource from src\main\resources to target\classes
2025-07-26 13:14:20,945 [Worker-6: Building] INFO  o.a.m.s.f.DefaultMavenResourcesFiltering - Copying 0 resource from src\main\resources to target\classes
2025-07-26 13:14:20,955 [Worker-6: Building] INFO  o.a.m.s.f.DefaultMavenResourcesFiltering - skip non existing resourceDirectory C:\Users\2414287\OneDrive - Cognizant\Desktop\EXPERIMENT - Copy\OFDS-main\OFDS_DeliveryManagement\src\test\resources
2025-07-26 13:14:31,155 [Worker-14: Building] INFO  o.a.m.s.f.DefaultMavenResourcesFiltering - Copying 1 resource from src\main\resources to target\classes
2025-07-26 13:14:31,265 [Worker-14: Building] INFO  o.a.m.s.f.DefaultMavenResourcesFiltering - Copying 0 resource from src\main\resources to target\classes
2025-07-26 13:14:31,281 [Worker-14: Building] INFO  o.a.m.s.f.DefaultMavenResourcesFiltering - skip non existing resourceDirectory C:\Users\2414287\OneDrive - Cognizant\Desktop\EXPERIMENT - Copy\OFDS-main\OFDS_DeliveryManagement\src\test\resources
2025-07-26 13:14:50,811 [Worker-14: Building] INFO  o.e.m.c.i.l.LifecycleMappingFactory - Using org.eclipse.m2e.jdt.JarLifecycleMapping lifecycle mapping for MavenProject: com.ofds:OFDSMenu:0.0.1-SNAPSHOT @ C:\Users\2414287\OneDrive - Cognizant\Desktop\EXPERIMENT - Copy\OFDS-main\OFDS_MenuManagement\pom.xml.
2025-07-26 13:16:02,793 [Worker-14: Building] INFO  o.a.m.s.f.DefaultMavenResourcesFiltering - Copying 1 resource from src\main\resources to target\classes
2025-07-26 13:16:02,908 [Worker-14: Building] INFO  o.a.m.s.f.DefaultMavenResourcesFiltering - Copying 2 resources from src\main\resources to target\classes
2025-07-26 13:16:03,164 [Worker-14: Building] INFO  o.a.m.s.f.DefaultMavenResourcesFiltering - skip non existing resourceDirectory C:\Users\2414287\OneDrive - Cognizant\Desktop\EXPERIMENT - Copy\OFDS-main\OFDS_MenuManagement\src\test\resources
2025-07-26 13:16:28,503 [Worker-14: Building] INFO  o.e.m.c.i.l.LifecycleMappingFactory - Using org.eclipse.m2e.jdt.JarLifecycleMapping lifecycle mapping for MavenProject: com.example:Restaurant:0.0.1-SNAPSHOT @ C:\Users\2414287\OneDrive - Cognizant\Desktop\EXPERIMENT - Copy\OFDS-main\Restaurant\pom.xml.
2025-07-26 13:16:59,592 [Worker-14: Building] INFO  o.a.m.s.f.DefaultMavenResourcesFiltering - Copying 1 resource from src\main\resources to target\classes
2025-07-26 13:16:59,639 [Worker-14: Building] INFO  o.a.m.s.f.DefaultMavenResourcesFiltering - Copying 0 resource from src\main\resources to target\classes
2025-07-26 13:16:59,678 [Worker-14: Building] INFO  o.a.m.s.f.DefaultMavenResourcesFiltering - skip non existing resourceDirectory C:\Users\2414287\OneDrive - Cognizant\Desktop\EXPERIMENT - Copy\OFDS-main\Restaurant\src\test\resources
2025-07-26 13:17:10,613 [Worker-2: Building] INFO  o.a.m.s.f.DefaultMavenResourcesFiltering - Copying 1 resource from src\main\resources to target\classes
2025-07-26 13:17:10,651 [Worker-2: Building] INFO  o.a.m.s.f.DefaultMavenResourcesFiltering - Copying 2 resources from src\main\resources to target\classes
2025-07-26 13:17:10,968 [Worker-2: Building] INFO  o.a.m.s.f.DefaultMavenResourcesFiltering - skip non existing resourceDirectory C:\Users\2414287\OneDrive - Cognizant\Desktop\EXPERIMENT - Copy\OFDS-main\OFDS_MenuManagement\src\test\resources
2025-07-26 13:17:21,261 [Worker-2: Building] INFO  o.a.m.s.f.DefaultMavenResourcesFiltering - Copying 1 resource from src\main\resources to target\classes
2025-07-26 13:17:21,285 [Worker-2: Building] INFO  o.a.m.s.f.DefaultMavenResourcesFiltering - Copying 0 resource from src\main\resources to target\classes
2025-07-26 13:17:21,292 [Worker-2: Building] INFO  o.a.m.s.f.DefaultMavenResourcesFiltering - skip non existing resourceDirectory C:\Users\2414287\OneDrive - Cognizant\Desktop\EXPERIMENT - Copy\OFDS-main\Restaurant\src\test\resources
2025-07-26 13:17:35,097 [Worker-2: Building] INFO  o.e.m.c.i.l.LifecycleMappingFactory - Using org.eclipse.m2e.jdt.JarLifecycleMapping lifecycle mapping for MavenProject: com.ofds:api-gateway:0.0.1-SNAPSHOT @ C:\Users\2414287\OneDrive - Cognizant\Desktop\EXPERIMENT - Copy\OFDS-main\api-gateway\pom.xml.
2025-07-26 13:18:03,781 [Worker-2: Building] INFO  o.a.m.s.f.DefaultMavenResourcesFiltering - Copying 1 resource
2025-07-26 13:18:03,893 [Worker-2: Building] INFO  o.a.m.s.f.DefaultMavenResourcesFiltering - Copying 0 resource
2025-07-26 13:18:03,900 [Worker-2: Building] INFO  o.a.m.s.f.DefaultMavenResourcesFiltering - skip non existing resourceDirectory C:\Users\2414287\OneDrive - Cognizant\Desktop\EXPERIMENT - Copy\OFDS-main\api-gateway\src\test\resources
2025-07-26 13:18:07,073 [Worker-22: Building] INFO  o.a.m.s.f.DefaultMavenResourcesFiltering - Copying 1 resource
2025-07-26 13:18:07,079 [Worker-22: Building] INFO  o.a.m.s.f.DefaultMavenResourcesFiltering - Copying 0 resource
2025-07-26 13:18:07,086 [Worker-22: Building] INFO  o.a.m.s.f.DefaultMavenResourcesFiltering - skip non existing resourceDirectory C:\Users\2414287\OneDrive - Cognizant\Desktop\EXPERIMENT - Copy\OFDS-main\api-gateway\src\test\resources
2025-07-26 13:18:15,880 [Worker-22: Building] INFO  o.e.m.c.i.l.LifecycleMappingFactory - Using org.eclipse.m2e.jdt.JarLifecycleMapping lifecycle mapping for MavenProject: com.ofds:auth-service:0.0.1-SNAPSHOT @ C:\Users\2414287\OneDrive - Cognizant\Desktop\EXPERIMENT - Copy\OFDS-main\auth-service\pom.xml.
2025-07-26 13:18:39,772 [Worker-22: Building] INFO  o.a.m.s.f.DefaultMavenResourcesFiltering - Copying 1 resource from src\main\resources to target\classes
2025-07-26 13:18:39,817 [Worker-22: Building] INFO  o.a.m.s.f.DefaultMavenResourcesFiltering - Copying 0 resource from src\main\resources to target\classes
2025-07-26 13:18:39,827 [Worker-22: Building] INFO  o.a.m.s.f.DefaultMavenResourcesFiltering - skip non existing resourceDirectory C:\Users\2414287\OneDrive - Cognizant\Desktop\EXPERIMENT - Copy\OFDS-main\auth-service\src\test\resources
2025-07-26 13:18:43,002 [Worker-8: Building] INFO  o.a.m.s.f.DefaultMavenResourcesFiltering - Copying 1 resource from src\main\resources to target\classes
2025-07-26 13:18:43,008 [Worker-8: Building] INFO  o.a.m.s.f.DefaultMavenResourcesFiltering - Copying 0 resource from src\main\resources to target\classes
2025-07-26 13:18:43,016 [Worker-8: Building] INFO  o.a.m.s.f.DefaultMavenResourcesFiltering - skip non existing resourceDirectory C:\Users\2414287\OneDrive - Cognizant\Desktop\EXPERIMENT - Copy\OFDS-main\auth-service\src\test\resources
2025-07-26 13:18:53,640 [Worker-8: Building] INFO  o.e.m.c.i.l.LifecycleMappingFactory - Using org.eclipse.m2e.jdt.JarLifecycleMapping lifecycle mapping for MavenProject: com.example.customer:customer:0.0.1-SNAPSHOT @ C:\Users\2414287\OneDrive - Cognizant\Desktop\EXPERIMENT - Copy\OFDS-main\customer\pom.xml.
2025-07-26 13:19:06,944 [Worker-8: Building] WARN  o.e.m.c.i.embedder.EclipseLogger - The artifact org.hibernate:hibernate-validator:jar:8.0.1.Final has been relocated to org.hibernate.validator:hibernate-validator:jar:8.0.1.Final
2025-07-26 13:19:12,263 [Worker-8: Building] INFO  o.a.m.s.f.DefaultMavenResourcesFiltering - Copying 1 resource from src\main\resources to target\classes
2025-07-26 13:19:12,303 [Worker-8: Building] INFO  o.a.m.s.f.DefaultMavenResourcesFiltering - Copying 0 resource from src\main\resources to target\classes
2025-07-26 13:19:12,310 [Worker-8: Building] INFO  o.a.m.s.f.DefaultMavenResourcesFiltering - skip non existing resourceDirectory C:\Users\2414287\OneDrive - Cognizant\Desktop\EXPERIMENT - Copy\OFDS-main\customer\src\test\resources
2025-07-26 13:19:14,941 [Worker-3: Building] INFO  o.a.m.s.f.DefaultMavenResourcesFiltering - Copying 1 resource from src\main\resources to target\classes
2025-07-26 13:19:14,945 [Worker-3: Building] INFO  o.a.m.s.f.DefaultMavenResourcesFiltering - Copying 0 resource from src\main\resources to target\classes
2025-07-26 13:19:14,951 [Worker-3: Building] INFO  o.a.m.s.f.DefaultMavenResourcesFiltering - skip non existing resourceDirectory C:\Users\2414287\OneDrive - Cognizant\Desktop\EXPERIMENT - Copy\OFDS-main\customer\src\test\resources
2025-07-26 13:19:21,684 [Worker-3: Building] INFO  o.e.m.c.i.l.LifecycleMappingFactory - Using org.eclipse.m2e.jdt.JarLifecycleMapping lifecycle mapping for MavenProject: com.ofds:eurekaserver:0.0.1-SNAPSHOT @ C:\Users\2414287\OneDrive - Cognizant\Desktop\EXPERIMENT - Copy\OFDS-main\eurekaServer\pom.xml.
2025-07-26 13:19:42,568 [Worker-3: Building] INFO  o.a.m.s.f.DefaultMavenResourcesFiltering - Copying 1 resource from src\main\resources to target\classes
2025-07-26 13:19:42,616 [Worker-3: Building] INFO  o.a.m.s.f.DefaultMavenResourcesFiltering - Copying 0 resource from src\main\resources to target\classes
2025-07-26 13:19:42,626 [Worker-3: Building] INFO  o.a.m.s.f.DefaultMavenResourcesFiltering - skip non existing resourceDirectory C:\Users\2414287\OneDrive - Cognizant\Desktop\EXPERIMENT - Copy\OFDS-main\eurekaServer\src\test\resources
2025-07-26 13:19:43,796 [Worker-20: Building] INFO  o.a.m.s.f.DefaultMavenResourcesFiltering - Copying 1 resource from src\main\resources to target\classes
2025-07-26 13:19:43,800 [Worker-20: Building] INFO  o.a.m.s.f.DefaultMavenResourcesFiltering - Copying 0 resource from src\main\resources to target\classes
2025-07-26 13:19:43,806 [Worker-20: Building] INFO  o.a.m.s.f.DefaultMavenResourcesFiltering - skip non existing resourceDirectory C:\Users\2414287\OneDrive - Cognizant\Desktop\EXPERIMENT - Copy\OFDS-main\eurekaServer\src\test\resources
2025-07-26 13:19:52,660 [Worker-20: Building] INFO  o.e.m.c.i.l.LifecycleMappingFactory - Using org.eclipse.m2e.jdt.JarLifecycleMapping lifecycle mapping for MavenProject: com.fooddelivery:order-service:0.0.1-SNAPSHOT @ C:\Users\2414287\OneDrive - Cognizant\Desktop\EXPERIMENT - Copy\OFDS-main\order-service\pom.xml.
2025-07-26 13:20:17,255 [Worker-20: Building] INFO  o.a.m.s.f.DefaultMavenResourcesFiltering - Copying 1 resource from src\main\resources to target\classes
2025-07-26 13:20:17,297 [Worker-20: Building] INFO  o.a.m.s.f.DefaultMavenResourcesFiltering - Copying 3 resources from src\main\resources to target\classes
2025-07-26 13:20:17,452 [Worker-20: Building] INFO  o.a.m.s.f.DefaultMavenResourcesFiltering - skip non existing resourceDirectory C:\Users\2414287\OneDrive - Cognizant\Desktop\EXPERIMENT - Copy\OFDS-main\order-service\src\test\resources
2025-07-26 13:20:20,677 [Worker-19: Building] INFO  o.a.m.s.f.DefaultMavenResourcesFiltering - Copying 1 resource from src\main\resources to target\classes
2025-07-26 13:20:20,681 [Worker-19: Building] INFO  o.a.m.s.f.DefaultMavenResourcesFiltering - Copying 3 resources from src\main\resources to target\classes
2025-07-26 13:20:20,716 [Worker-19: Building] INFO  o.a.m.s.f.DefaultMavenResourcesFiltering - skip non existing resourceDirectory C:\Users\2414287\OneDrive - Cognizant\Desktop\EXPERIMENT - Copy\OFDS-main\order-service\src\test\resources
2025-07-26 13:20:28,917 [Worker-19: Building] INFO  o.e.m.c.i.l.LifecycleMappingFactory - Using org.eclipse.m2e.jdt.JarLifecycleMapping lifecycle mapping for MavenProject: com.example:demo:0.0.1-SNAPSHOT @ C:\Users\2414287\OneDrive - Cognizant\Desktop\EXPERIMENT - Copy\OFDS-main\paymentmodule\pom.xml.
2025-07-26 13:20:48,143 [Worker-19: Building] INFO  o.a.m.s.f.DefaultMavenResourcesFiltering - Copying 1 resource from src\main\resources to target\classes
2025-07-26 13:20:48,181 [Worker-19: Building] INFO  o.a.m.s.f.DefaultMavenResourcesFiltering - Copying 3 resources from src\main\resources to target\classes
2025-07-26 13:20:48,294 [Worker-19: Building] INFO  o.a.m.s.f.DefaultMavenResourcesFiltering - skip non existing resourceDirectory C:\Users\2414287\OneDrive - Cognizant\Desktop\EXPERIMENT - Copy\OFDS-main\paymentmodule\src\test\resources
2025-07-26 13:20:51,077 [Worker-1: Building] INFO  o.a.m.s.f.DefaultMavenResourcesFiltering - Copying 1 resource from src\main\resources to target\classes
2025-07-26 13:20:51,080 [Worker-1: Building] INFO  o.a.m.s.f.DefaultMavenResourcesFiltering - Copying 3 resources from src\main\resources to target\classes
2025-07-26 13:20:51,111 [Worker-1: Building] INFO  o.a.m.s.f.DefaultMavenResourcesFiltering - skip non existing resourceDirectory C:\Users\2414287\OneDrive - Cognizant\Desktop\EXPERIMENT - Copy\OFDS-main\paymentmodule\src\test\resources
2025-07-26 13:50:57,404 [Worker-14: Building] INFO  o.a.m.s.f.DefaultMavenResourcesFiltering - Copying 1 resource from src\main\resources to target\classes
2025-07-26 13:50:57,629 [Worker-14: Building] INFO  o.a.m.s.f.DefaultMavenResourcesFiltering - Copying 3 resources from src\main\resources to target\classes
2025-07-26 13:50:57,710 [Worker-14: Building] INFO  o.a.m.s.f.DefaultMavenResourcesFiltering - skip non existing resourceDirectory C:\Users\2414287\OneDrive - Cognizant\Desktop\EXPERIMENT - Copy\OFDS-main\order-service\src\test\resources
2025-07-26 13:56:59,474 [Worker-29: Building] INFO  o.a.m.s.f.DefaultMavenResourcesFiltering - Copying 1 resource from src\main\resources to target\classes
2025-07-26 13:56:59,515 [Worker-29: Building] INFO  o.a.m.s.f.DefaultMavenResourcesFiltering - Copying 3 resources from src\main\resources to target\classes
2025-07-26 13:56:59,573 [Worker-29: Building] INFO  o.a.m.s.f.DefaultMavenResourcesFiltering - skip non existing resourceDirectory C:\Users\2414287\OneDrive - Cognizant\Desktop\EXPERIMENT - Copy\OFDS-main\order-service\src\test\resources
2025-07-26 13:57:04,724 [Worker-3: Building] INFO  o.a.m.s.f.DefaultMavenResourcesFiltering - Copying 1 resource from src\main\resources to target\classes
2025-07-26 13:57:04,735 [Worker-3: Building] INFO  o.a.m.s.f.DefaultMavenResourcesFiltering - Copying 3 resources from src\main\resources to target\classes
2025-07-26 13:57:04,748 [Worker-3: Building] INFO  o.a.m.s.f.DefaultMavenResourcesFiltering - skip non existing resourceDirectory C:\Users\2414287\OneDrive - Cognizant\Desktop\EXPERIMENT - Copy\OFDS-main\order-service\src\test\resources
2025-07-27 15:47:31,629 [Worker-6: Loading available Gradle versions] INFO  o.e.b.c.i.u.g.PublishedGradleVersions - Gradle version information cache is out-of-date. Trying to update.
2025-07-27 15:51:11,324 [Worker-9: Launching customer - CustomerApplication] WARN  o.e.m.c.i.embedder.EclipseLogger - The artifact org.hibernate:hibernate-validator:jar:8.0.1.Final has been relocated to org.hibernate.validator:hibernate-validator:jar:8.0.1.Final
2025-07-28 08:37:34,867 [Worker-4: Loading available Gradle versions] INFO  o.e.b.c.i.u.g.PublishedGradleVersions - Gradle version information cache is up-to-date. Trying to read.
2025-07-28 08:38:03,865 [Worker-10: Launching customer - CustomerApplication] WARN  o.e.m.c.i.embedder.EclipseLogger - The artifact org.hibernate:hibernate-validator:jar:8.0.1.Final has been relocated to org.hibernate.validator:hibernate-validator:jar:8.0.1.Final
2025-07-29 15:59:30,544 [Worker-1: Loading available Gradle versions] INFO  o.e.b.c.i.u.g.PublishedGradleVersions - Gradle version information cache is out-of-date. Trying to update.
2025-07-29 16:11:30,188 [Worker-23: Building] INFO  o.a.m.s.f.DefaultMavenResourcesFiltering - Copying 1 resource from src\main\resources to target\classes
2025-07-29 16:11:30,266 [Worker-23: Building] INFO  o.a.m.s.f.DefaultMavenResourcesFiltering - Copying 3 resources from src\main\resources to target\classes
2025-07-29 16:11:30,339 [Worker-23: Building] INFO  o.a.m.s.f.DefaultMavenResourcesFiltering - skip non existing resourceDirectory C:\Users\2414287\OneDrive - Cognizant\Desktop\EXPERIMENT - Copy\OFDS-main\order-service\src\test\resources
2025-07-29 16:35:05,578 [Worker-36: Updating Maven Project] INFO  o.e.m.c.i.p.ProjectConfigurationManager - Update started
2025-07-29 16:37:25,594 [Worker-36: Updating Maven Project] INFO  o.e.m.c.i.l.LifecycleMappingFactory - Using org.eclipse.m2e.jdt.JarLifecycleMapping lifecycle mapping for MavenProject: com.ofds:OFDSMenu:0.0.1-SNAPSHOT @ C:\Users\2414287\OneDrive - Cognizant\Desktop\EXPERIMENT - Copy\OFDS-main\OFDS_MenuManagement\pom.xml.
2025-07-29 16:38:33,552 [Worker-36: Updating Maven Project] INFO  o.e.m.j.i.AbstractJavaProjectConfigurator - Adding source folder /OFDS_MenuManagement/src/main/java
2025-07-29 16:38:33,559 [Worker-36: Updating Maven Project] INFO  o.e.m.j.i.AbstractJavaProjectConfigurator - Adding resource folder /OFDS_MenuManagement/src/main/resources
2025-07-29 16:38:33,563 [Worker-36: Updating Maven Project] INFO  o.e.m.j.i.AbstractJavaProjectConfigurator - Adding resource folder /OFDS_MenuManagement/src/main/resources
2025-07-29 16:38:33,565 [Worker-36: Updating Maven Project] INFO  o.e.m.j.i.AbstractJavaProjectConfigurator - Adding source folder /OFDS_MenuManagement/src/test/java
2025-07-29 16:38:33,569 [Worker-36: Updating Maven Project] INFO  o.e.m.j.i.AbstractJavaProjectConfigurator - Adding resource folder /OFDS_MenuManagement/src/test/resources
2025-07-29 16:38:49,072 [Worker-36: Updating Maven Project] INFO  o.e.m.c.i.p.ProjectConfigurationManager - Update completed for 1 poms: local refresh takes 4.00 sec, refresh facades takes 200.00 sec, update config takes 12.00 sec 
2025-07-29 16:39:05,941 [Worker-31: Building] INFO  o.a.m.s.f.DefaultMavenResourcesFiltering - Copying 1 resource from src\main\resources to target\classes
2025-07-29 16:39:06,031 [Worker-31: Building] INFO  o.a.m.s.f.DefaultMavenResourcesFiltering - Copying 2 resources from src\main\resources to target\classes
2025-07-29 16:39:08,768 [Worker-31: Building] INFO  o.a.m.s.f.DefaultMavenResourcesFiltering - skip non existing resourceDirectory C:\Users\2414287\OneDrive - Cognizant\Desktop\EXPERIMENT - Copy\OFDS-main\OFDS_MenuManagement\src\test\resources
2025-07-29 16:40:56,862 [Worker-31: Building] INFO  o.a.m.s.f.DefaultMavenResourcesFiltering - Copying 1 resource from src\main\resources to target\classes
2025-07-29 16:40:56,943 [Worker-31: Building] INFO  o.a.m.s.f.DefaultMavenResourcesFiltering - Copying 3 resources from src\main\resources to target\classes
2025-07-29 16:40:57,164 [Worker-31: Building] INFO  o.a.m.s.f.DefaultMavenResourcesFiltering - skip non existing resourceDirectory C:\Users\2414287\OneDrive - Cognizant\Desktop\EXPERIMENT - Copy\OFDS-main\paymentmodule\src\test\resources
2025-07-29 16:41:29,338 [Worker-35: Updating Maven Project] INFO  o.e.m.c.i.p.ProjectConfigurationManager - Update started
2025-07-29 16:41:42,616 [Worker-35: Updating Maven Project] INFO  o.e.m.c.i.l.LifecycleMappingFactory - Using org.eclipse.m2e.jdt.JarLifecycleMapping lifecycle mapping for MavenProject: com.example:demo:0.0.1-SNAPSHOT @ C:\Users\2414287\OneDrive - Cognizant\Desktop\EXPERIMENT - Copy\OFDS-main\paymentmodule\pom.xml.
2025-07-29 16:42:21,073 [Worker-35: Updating Maven Project] INFO  o.e.m.j.i.AbstractJavaProjectConfigurator - Adding source folder /paymentmodule/src/main/java
2025-07-29 16:42:21,075 [Worker-35: Updating Maven Project] INFO  o.e.m.j.i.AbstractJavaProjectConfigurator - Adding resource folder /paymentmodule/src/main/resources
2025-07-29 16:42:21,076 [Worker-35: Updating Maven Project] INFO  o.e.m.j.i.AbstractJavaProjectConfigurator - Adding resource folder /paymentmodule/src/main/resources
2025-07-29 16:42:21,077 [Worker-35: Updating Maven Project] INFO  o.e.m.j.i.AbstractJavaProjectConfigurator - Adding source folder /paymentmodule/src/test/java
2025-07-29 16:42:21,079 [Worker-35: Updating Maven Project] INFO  o.e.m.j.i.AbstractJavaProjectConfigurator - Adding resource folder /paymentmodule/src/test/resources
2025-07-29 16:42:38,597 [Worker-35: Updating Maven Project] INFO  o.e.m.c.i.p.ProjectConfigurationManager - Update completed for 1 poms: local refresh takes 4.00 sec, refresh facades takes 46.00 sec, update config takes 7.00 sec 
2025-07-29 16:42:52,824 [Worker-42: Building] INFO  o.a.m.s.f.DefaultMavenResourcesFiltering - Copying 1 resource from src\main\resources to target\classes
2025-07-29 16:42:52,884 [Worker-42: Building] INFO  o.a.m.s.f.DefaultMavenResourcesFiltering - Copying 3 resources from src\main\resources to target\classes
2025-07-29 16:42:53,071 [Worker-42: Building] INFO  o.a.m.s.f.DefaultMavenResourcesFiltering - skip non existing resourceDirectory C:\Users\2414287\OneDrive - Cognizant\Desktop\EXPERIMENT - Copy\OFDS-main\paymentmodule\src\test\resources
2025-07-29 16:54:22,981 [Worker-43: Updating Maven Project] INFO  o.e.m.c.i.p.ProjectConfigurationManager - Update started
2025-07-29 16:54:48,321 [Worker-43: Updating Maven Project] INFO  o.e.m.c.i.l.LifecycleMappingFactory - Using org.eclipse.m2e.jdt.JarLifecycleMapping lifecycle mapping for MavenProject: com.ofds:OFDSMenu:0.0.1-SNAPSHOT @ C:\Users\2414287\OneDrive - Cognizant\Desktop\EXPERIMENT - Copy\OFDS-main\OFDS_MenuManagement\pom.xml.
2025-07-29 16:55:13,142 [Worker-43: Updating Maven Project] INFO  o.e.m.c.i.l.LifecycleMappingFactory - Using org.eclipse.m2e.jdt.JarLifecycleMapping lifecycle mapping for MavenProject: com.fooddelivery:order-service:0.0.1-SNAPSHOT @ C:\Users\2414287\OneDrive - Cognizant\Desktop\EXPERIMENT - Copy\OFDS-main\order-service\pom.xml.
2025-07-29 16:55:32,439 [Worker-43: Updating Maven Project] INFO  o.e.m.c.i.l.LifecycleMappingFactory - Using org.eclipse.m2e.jdt.JarLifecycleMapping lifecycle mapping for MavenProject: com.example:demo:0.0.1-SNAPSHOT @ C:\Users\2414287\OneDrive - Cognizant\Desktop\EXPERIMENT - Copy\OFDS-main\paymentmodule\pom.xml.
2025-07-29 16:56:08,558 [Worker-43: Updating Maven Project] INFO  o.e.m.j.i.AbstractJavaProjectConfigurator - Adding source folder /OFDS_MenuManagement/src/main/java
2025-07-29 16:56:08,598 [Worker-43: Updating Maven Project] INFO  o.e.m.j.i.AbstractJavaProjectConfigurator - Adding resource folder /OFDS_MenuManagement/src/main/resources
2025-07-29 16:56:08,600 [Worker-43: Updating Maven Project] INFO  o.e.m.j.i.AbstractJavaProjectConfigurator - Adding resource folder /OFDS_MenuManagement/src/main/resources
2025-07-29 16:56:08,600 [Worker-43: Updating Maven Project] INFO  o.e.m.j.i.AbstractJavaProjectConfigurator - Adding source folder /OFDS_MenuManagement/src/test/java
2025-07-29 16:56:08,601 [Worker-43: Updating Maven Project] INFO  o.e.m.j.i.AbstractJavaProjectConfigurator - Adding resource folder /OFDS_MenuManagement/src/test/resources
2025-07-29 16:56:16,266 [Worker-43: Updating Maven Project] INFO  o.e.m.j.i.AbstractJavaProjectConfigurator - Adding source folder /order-service/src/main/java
2025-07-29 16:56:16,298 [Worker-43: Updating Maven Project] INFO  o.e.m.j.i.AbstractJavaProjectConfigurator - Adding resource folder /order-service/src/main/resources
2025-07-29 16:56:16,299 [Worker-43: Updating Maven Project] INFO  o.e.m.j.i.AbstractJavaProjectConfigurator - Adding resource folder /order-service/src/main/resources
2025-07-29 16:56:16,299 [Worker-43: Updating Maven Project] INFO  o.e.m.j.i.AbstractJavaProjectConfigurator - Adding source folder /order-service/src/test/java
2025-07-29 16:56:16,300 [Worker-43: Updating Maven Project] INFO  o.e.m.j.i.AbstractJavaProjectConfigurator - Adding resource folder /order-service/src/test/resources
2025-07-29 16:56:28,995 [Worker-43: Updating Maven Project] INFO  o.e.m.j.i.AbstractJavaProjectConfigurator - Adding source folder /paymentmodule/src/main/java
2025-07-29 16:56:29,036 [Worker-43: Updating Maven Project] INFO  o.e.m.j.i.AbstractJavaProjectConfigurator - Adding resource folder /paymentmodule/src/main/resources
2025-07-29 16:56:29,038 [Worker-43: Updating Maven Project] INFO  o.e.m.j.i.AbstractJavaProjectConfigurator - Adding resource folder /paymentmodule/src/main/resources
2025-07-29 16:56:29,038 [Worker-43: Updating Maven Project] INFO  o.e.m.j.i.AbstractJavaProjectConfigurator - Adding source folder /paymentmodule/src/test/java
2025-07-29 16:56:29,039 [Worker-43: Updating Maven Project] INFO  o.e.m.j.i.AbstractJavaProjectConfigurator - Adding resource folder /paymentmodule/src/test/resources
2025-07-29 16:56:58,850 [Worker-43: Updating Maven Project] INFO  o.e.m.c.i.p.ProjectConfigurationManager - Update completed for 3 poms: local refresh takes 8.00 sec, refresh facades takes 96.00 sec, update config takes 40.00 sec 
2025-07-29 16:57:04,993 [Worker-51: Building] INFO  o.a.m.s.f.DefaultMavenResourcesFiltering - Copying 1 resource from src\main\resources to target\classes
2025-07-29 16:57:05,059 [Worker-51: Building] INFO  o.a.m.s.f.DefaultMavenResourcesFiltering - Copying 2 resources from src\main\resources to target\classes
2025-07-29 16:57:05,207 [Worker-51: Building] INFO  o.a.m.s.f.DefaultMavenResourcesFiltering - skip non existing resourceDirectory C:\Users\2414287\OneDrive - Cognizant\Desktop\EXPERIMENT - Copy\OFDS-main\OFDS_MenuManagement\src\test\resources
2025-07-29 16:57:11,504 [Worker-51: Building] INFO  o.a.m.s.f.DefaultMavenResourcesFiltering - Copying 1 resource from src\main\resources to target\classes
2025-07-29 16:57:11,609 [Worker-51: Building] INFO  o.a.m.s.f.DefaultMavenResourcesFiltering - Copying 3 resources from src\main\resources to target\classes
2025-07-29 16:57:11,777 [Worker-51: Building] INFO  o.a.m.s.f.DefaultMavenResourcesFiltering - skip non existing resourceDirectory C:\Users\2414287\OneDrive - Cognizant\Desktop\EXPERIMENT - Copy\OFDS-main\order-service\src\test\resources
2025-07-29 16:57:18,333 [Worker-51: Building] INFO  o.a.m.s.f.DefaultMavenResourcesFiltering - Copying 1 resource from src\main\resources to target\classes
2025-07-29 16:57:18,391 [Worker-51: Building] INFO  o.a.m.s.f.DefaultMavenResourcesFiltering - Copying 3 resources from src\main\resources to target\classes
2025-07-29 16:57:18,569 [Worker-51: Building] INFO  o.a.m.s.f.DefaultMavenResourcesFiltering - skip non existing resourceDirectory C:\Users\2414287\OneDrive - Cognizant\Desktop\EXPERIMENT - Copy\OFDS-main\paymentmodule\src\test\resources
2025-07-31 17:00:28,380 [Worker-4: Loading available Gradle versions] INFO  o.e.b.c.i.u.g.PublishedGradleVersions - Gradle version information cache is out-of-date. Trying to update.
2025-07-31 17:01:18,195 [Worker-0: Launching customer - CustomerApplication] WARN  o.e.m.c.i.embedder.EclipseLogger - The artifact org.hibernate:hibernate-validator:jar:8.0.1.Final has been relocated to org.hibernate.validator:hibernate-validator:jar:8.0.1.Final
2025-08-03 13:16:07,792 [Worker-4: Loading available Gradle versions] INFO  o.e.b.c.i.u.g.PublishedGradleVersions - Gradle version information cache is out-of-date. Trying to update.
2025-08-03 13:17:11,456 [Worker-3: Launching customer - CustomerApplication] WARN  o.e.m.c.i.embedder.EclipseLogger - The artifact org.hibernate:hibernate-validator:jar:8.0.1.Final has been relocated to org.hibernate.validator:hibernate-validator:jar:8.0.1.Final
2025-08-05 13:34:56,153 [Worker-4: Loading available Gradle versions] INFO  o.e.b.c.i.u.g.PublishedGradleVersions - Gradle version information cache is out-of-date. Trying to update.
2025-08-05 13:36:10,587 [Worker-9: Launching customer - CustomerApplication] WARN  o.e.m.c.i.embedder.EclipseLogger - The artifact org.hibernate:hibernate-validator:jar:8.0.1.Final has been relocated to org.hibernate.validator:hibernate-validator:jar:8.0.1.Final
2025-08-05 15:52:46,150 [Worker-2: Loading available Gradle versions] INFO  o.e.b.c.i.u.g.PublishedGradleVersions - Gradle version information cache is up-to-date. Trying to read.
2025-08-05 15:54:46,570 [Worker-6: Launching OFDS_DeliveryManagement - DeliveryServiceApplication] INFO  o.a.m.s.f.DefaultMavenResourcesFiltering - Copying 1 resource from src\main\resources to target\classes
2025-08-05 15:54:46,609 [Worker-6: Launching OFDS_DeliveryManagement - DeliveryServiceApplication] INFO  o.a.m.s.f.DefaultMavenResourcesFiltering - Copying 3 resources from src\main\resources to target\classes
2025-08-05 15:54:46,664 [Worker-6: Launching OFDS_DeliveryManagement - DeliveryServiceApplication] INFO  o.a.m.s.f.DefaultMavenResourcesFiltering - skip non existing resourceDirectory C:\Users\2414287\OneDrive - Cognizant\Desktop\EXPERIMENT - Copy\OFDS-main\order-service\src\test\resources
2025-08-05 15:54:59,745 [Worker-18: Launching api-gateway - ApiGatewayApplication] INFO  o.a.m.s.f.DefaultMavenResourcesFiltering - Copying 1 resource
2025-08-05 15:54:59,792 [Worker-18: Launching api-gateway - ApiGatewayApplication] INFO  o.a.m.s.f.DefaultMavenResourcesFiltering - Copying 0 resource
2025-08-05 15:54:59,792 [Worker-18: Launching api-gateway - ApiGatewayApplication] INFO  o.a.m.s.f.DefaultMavenResourcesFiltering - skip non existing resourceDirectory C:\Users\2414287\OneDrive - Cognizant\Desktop\EXPERIMENT - Copy\OFDS-main\api-gateway\src\test\resources
2025-08-05 15:55:19,522 [Worker-3: Launching Restaurant - RestaurantApplication] INFO  o.a.m.s.f.DefaultMavenResourcesFiltering - Copying 1 resource from src\main\resources to target\classes
2025-08-05 15:55:19,585 [Worker-3: Launching Restaurant - RestaurantApplication] INFO  o.a.m.s.f.DefaultMavenResourcesFiltering - Copying 0 resource from src\main\resources to target\classes
2025-08-05 15:55:19,600 [Worker-3: Launching Restaurant - RestaurantApplication] INFO  o.a.m.s.f.DefaultMavenResourcesFiltering - skip non existing resourceDirectory C:\Users\2414287\OneDrive - Cognizant\Desktop\EXPERIMENT - Copy\OFDS-main\Restaurant\src\test\resources
2025-08-05 15:55:43,877 [Worker-7: Launching paymentmodule - PaymentModuleApplication] INFO  o.a.m.s.f.DefaultMavenResourcesFiltering - Copying 1 resource from src\main\resources to target\classes
2025-08-05 15:55:43,915 [Worker-7: Launching paymentmodule - PaymentModuleApplication] INFO  o.a.m.s.f.DefaultMavenResourcesFiltering - Copying 3 resources from src\main\resources to target\classes
2025-08-05 15:55:43,973 [Worker-7: Launching paymentmodule - PaymentModuleApplication] INFO  o.a.m.s.f.DefaultMavenResourcesFiltering - skip non existing resourceDirectory C:\Users\2414287\OneDrive - Cognizant\Desktop\EXPERIMENT - Copy\OFDS-main\paymentmodule\src\test\resources
2025-08-05 15:56:10,743 [Worker-23: Launching customer - CustomerApplication] WARN  o.e.m.c.i.embedder.EclipseLogger - The artifact org.hibernate:hibernate-validator:jar:8.0.1.Final has been relocated to org.hibernate.validator:hibernate-validator:jar:8.0.1.Final
2025-08-05 15:56:13,186 [Worker-23: Launching customer - CustomerApplication] INFO  o.a.m.s.f.DefaultMavenResourcesFiltering - Copying 1 resource from src\main\resources to target\classes
2025-08-05 15:56:13,225 [Worker-23: Launching customer - CustomerApplication] INFO  o.a.m.s.f.DefaultMavenResourcesFiltering - Copying 0 resource from src\main\resources to target\classes
2025-08-05 15:56:13,244 [Worker-23: Launching customer - CustomerApplication] INFO  o.a.m.s.f.DefaultMavenResourcesFiltering - skip non existing resourceDirectory C:\Users\2414287\OneDrive - Cognizant\Desktop\EXPERIMENT - Copy\OFDS-main\customer\src\test\resources
2025-08-05 15:56:29,591 [Worker-10: Building] INFO  o.a.m.s.f.DefaultMavenResourcesFiltering - Copying 1 resource from src\main\resources to target\classes
2025-08-05 15:56:29,644 [Worker-10: Building] INFO  o.a.m.s.f.DefaultMavenResourcesFiltering - Copying 2 resources from src\main\resources to target\classes
2025-08-05 15:56:29,758 [Worker-10: Building] INFO  o.a.m.s.f.DefaultMavenResourcesFiltering - skip non existing resourceDirectory C:\Users\2414287\OneDrive - Cognizant\Desktop\EXPERIMENT - Copy\OFDS-main\OFDS_MenuManagement\src\test\resources
2025-08-05 15:56:35,325 [Worker-10: Building] INFO  o.a.m.s.f.DefaultMavenResourcesFiltering - Copying 1 resource from src\main\resources to target\classes
2025-08-05 15:56:35,341 [Worker-10: Building] INFO  o.a.m.s.f.DefaultMavenResourcesFiltering - Copying 0 resource from src\main\resources to target\classes
2025-08-05 15:56:35,358 [Worker-10: Building] INFO  o.a.m.s.f.DefaultMavenResourcesFiltering - skip non existing resourceDirectory C:\Users\2414287\OneDrive - Cognizant\Desktop\EXPERIMENT - Copy\OFDS-main\customer\src\test\resources
2025-08-05 15:56:40,617 [Worker-10: Building] INFO  o.a.m.s.f.DefaultMavenResourcesFiltering - Copying 1 resource from src\main\resources to target\classes
2025-08-05 15:56:40,653 [Worker-10: Building] INFO  o.a.m.s.f.DefaultMavenResourcesFiltering - Copying 0 resource from src\main\resources to target\classes
2025-08-05 15:56:40,665 [Worker-10: Building] INFO  o.a.m.s.f.DefaultMavenResourcesFiltering - skip non existing resourceDirectory C:\Users\2414287\OneDrive - Cognizant\Desktop\EXPERIMENT - Copy\OFDS-main\eurekaServer\src\test\resources
2025-08-05 17:24:00,988 [Worker-24: Building] INFO  o.a.m.s.f.DefaultMavenResourcesFiltering - Copying 1 resource from src\main\resources to target\classes
2025-08-05 17:24:01,571 [Worker-24: Building] INFO  o.a.m.s.f.DefaultMavenResourcesFiltering - Copying 0 resource from src\main\resources to target\classes
2025-08-05 17:24:01,580 [Worker-24: Building] INFO  o.a.m.s.f.DefaultMavenResourcesFiltering - skip non existing resourceDirectory C:\Users\2414287\OneDrive - Cognizant\Desktop\EXPERIMENT - Copy\OFDS-main\OFDS_DeliveryManagement\src\test\resources
2025-08-05 17:24:02,952 [Worker-24: Building] INFO  o.a.m.s.f.DefaultMavenResourcesFiltering - Copying 1 resource from src\main\resources to target\classes
2025-08-05 17:24:02,979 [Worker-24: Building] INFO  o.a.m.s.f.DefaultMavenResourcesFiltering - Copying 2 resources from src\main\resources to target\classes
2025-08-05 17:24:03,035 [Worker-24: Building] INFO  o.a.m.s.f.DefaultMavenResourcesFiltering - skip non existing resourceDirectory C:\Users\2414287\OneDrive - Cognizant\Desktop\EXPERIMENT - Copy\OFDS-main\OFDS_MenuManagement\src\test\resources
2025-08-05 17:24:12,817 [Worker-24: Building] INFO  o.a.m.s.f.DefaultMavenResourcesFiltering - Copying 1 resource from src\main\resources to target\classes
2025-08-05 17:24:12,849 [Worker-24: Building] INFO  o.a.m.s.f.DefaultMavenResourcesFiltering - Copying 0 resource from src\main\resources to target\classes
2025-08-05 17:24:12,859 [Worker-24: Building] INFO  o.a.m.s.f.DefaultMavenResourcesFiltering - skip non existing resourceDirectory C:\Users\2414287\OneDrive - Cognizant\Desktop\EXPERIMENT - Copy\OFDS-main\auth-service\src\test\resources
2025-08-05 17:24:14,409 [Worker-24: Building] INFO  o.a.m.s.f.DefaultMavenResourcesFiltering - Copying 1 resource from src\main\resources to target\classes
2025-08-05 17:24:14,465 [Worker-24: Building] INFO  o.a.m.s.f.DefaultMavenResourcesFiltering - Copying 3 resources from src\main\resources to target\classes
2025-08-05 17:24:14,537 [Worker-24: Building] INFO  o.a.m.s.f.DefaultMavenResourcesFiltering - skip non existing resourceDirectory C:\Users\2414287\OneDrive - Cognizant\Desktop\EXPERIMENT - Copy\OFDS-main\paymentmodule\src\test\resources
2025-08-05 17:24:35,435 [Worker-24: Building] INFO  o.a.m.s.f.DefaultMavenResourcesFiltering - Copying 0 resource from src\main\resources to target\classes
2025-08-05 17:24:35,447 [Worker-24: Building] INFO  o.a.m.s.f.DefaultMavenResourcesFiltering - Copying 0 resource from src\main\resources to target\classes
2025-08-05 17:24:35,453 [Worker-24: Building] INFO  o.a.m.s.f.DefaultMavenResourcesFiltering - skip non existing resourceDirectory C:\Users\2414287\OneDrive - Cognizant\Desktop\EXPERIMENT - Copy\OFDS-main\OFDS_MenuManagement\src\test\resources
2025-08-05 17:28:17,626 [Worker-54: Building] INFO  o.a.m.s.f.DefaultMavenResourcesFiltering - Copying 1 resource from src\main\resources to target\classes
2025-08-05 17:28:17,646 [Worker-54: Building] INFO  o.a.m.s.f.DefaultMavenResourcesFiltering - Copying 2 resources from src\main\resources to target\classes
2025-08-05 17:28:17,664 [Worker-54: Building] INFO  o.a.m.s.f.DefaultMavenResourcesFiltering - skip non existing resourceDirectory C:\Users\2414287\OneDrive - Cognizant\Desktop\EXPERIMENT - Copy\OFDS-main\OFDS_MenuManagement\src\test\resources
2025-08-05 19:34:54,907 [Worker-73: Building] INFO  o.a.m.s.f.DefaultMavenResourcesFiltering - Copying 0 resource from src\main\resources to target\classes
2025-08-05 19:34:54,924 [Worker-73: Building] INFO  o.a.m.s.f.DefaultMavenResourcesFiltering - Copying 0 resource from src\main\resources to target\classes
2025-08-05 19:34:54,930 [Worker-73: Building] INFO  o.a.m.s.f.DefaultMavenResourcesFiltering - skip non existing resourceDirectory C:\Users\2414287\OneDrive - Cognizant\Desktop\EXPERIMENT - Copy\OFDS-main\order-service\src\test\resources
2025-08-05 19:34:55,940 [Worker-73: Building] INFO  o.a.m.s.f.DefaultMavenResourcesFiltering - Copying 0 resource from src\main\resources to target\classes
2025-08-05 19:34:55,956 [Worker-73: Building] INFO  o.a.m.s.f.DefaultMavenResourcesFiltering - Copying 0 resource from src\main\resources to target\classes
2025-08-05 19:34:55,963 [Worker-73: Building] INFO  o.a.m.s.f.DefaultMavenResourcesFiltering - skip non existing resourceDirectory C:\Users\2414287\OneDrive - Cognizant\Desktop\EXPERIMENT - Copy\OFDS-main\paymentmodule\src\test\resources
2025-08-05 19:53:33,511 [Worker-86: Building] INFO  o.a.m.s.f.DefaultMavenResourcesFiltering - Copying 0 resource from src\main\resources to target\classes
2025-08-05 19:53:33,529 [Worker-86: Building] INFO  o.a.m.s.f.DefaultMavenResourcesFiltering - Copying 0 resource from src\main\resources to target\classes
2025-08-05 19:53:33,542 [Worker-86: Building] INFO  o.a.m.s.f.DefaultMavenResourcesFiltering - skip non existing resourceDirectory C:\Users\2414287\OneDrive - Cognizant\Desktop\EXPERIMENT - Copy\OFDS-main\order-service\src\test\resources
2025-08-05 19:57:20,803 [Worker-88: Building] INFO  o.a.m.s.f.DefaultMavenResourcesFiltering - Copying 0 resource from src\main\resources to target\classes
2025-08-05 19:57:20,834 [Worker-88: Building] INFO  o.a.m.s.f.DefaultMavenResourcesFiltering - Copying 0 resource from src\main\resources to target\classes
2025-08-05 19:57:20,842 [Worker-88: Building] INFO  o.a.m.s.f.DefaultMavenResourcesFiltering - skip non existing resourceDirectory C:\Users\2414287\OneDrive - Cognizant\Desktop\EXPERIMENT - Copy\OFDS-main\order-service\src\test\resources
2025-08-05 20:02:10,442 [Worker-86: Building] INFO  o.a.m.s.f.DefaultMavenResourcesFiltering - Copying 0 resource from src\main\resources to target\classes
2025-08-05 20:02:10,473 [Worker-86: Building] INFO  o.a.m.s.f.DefaultMavenResourcesFiltering - Copying 0 resource from src\main\resources to target\classes
2025-08-05 20:02:10,473 [Worker-86: Building] INFO  o.a.m.s.f.DefaultMavenResourcesFiltering - skip non existing resourceDirectory C:\Users\2414287\OneDrive - Cognizant\Desktop\EXPERIMENT - Copy\OFDS-main\order-service\src\test\resources
2025-08-05 20:57:13,306 [Worker-106: Building] INFO  o.a.m.s.f.DefaultMavenResourcesFiltering - Copying 0 resource from src\main\resources to target\classes
2025-08-05 20:57:13,322 [Worker-106: Building] INFO  o.a.m.s.f.DefaultMavenResourcesFiltering - Copying 0 resource from src\main\resources to target\classes
2025-08-05 20:57:13,337 [Worker-106: Building] INFO  o.a.m.s.f.DefaultMavenResourcesFiltering - skip non existing resourceDirectory C:\Users\2414287\OneDrive - Cognizant\Desktop\EXPERIMENT - Copy\OFDS-main\order-service\src\test\resources
2025-08-06 09:15:32,617 [Worker-1: Loading available Gradle versions] INFO  o.e.b.c.i.u.g.PublishedGradleVersions - Gradle version information cache is up-to-date. Trying to read.
2025-08-06 15:44:34,773 [Worker-91: Building] WARN  o.e.m.c.i.embedder.EclipseLogger - The artifact org.hibernate:hibernate-validator:jar:8.0.1.Final has been relocated to org.hibernate.validator:hibernate-validator:jar:8.0.1.Final
2025-08-06 15:45:08,539 [Worker-91: Building] INFO  o.a.m.s.f.DefaultMavenResourcesFiltering - Copying 1 resource from src\main\resources to target\classes
2025-08-06 15:45:08,696 [Worker-91: Building] INFO  o.a.m.s.f.DefaultMavenResourcesFiltering - Copying 3 resources from src\main\resources to target\classes
2025-08-06 15:45:08,791 [Worker-91: Building] INFO  o.a.m.s.f.DefaultMavenResourcesFiltering - skip non existing resourceDirectory C:\Users\2414287\OneDrive - Cognizant\Desktop\EXPERIMENT - Copy\OFDS-main\order-service\src\test\resources
2025-08-06 15:45:33,837 [Worker-91: Building] INFO  o.a.m.s.f.DefaultMavenResourcesFiltering - Copying 1 resource from src\main\resources to target\classes
2025-08-06 15:45:33,923 [Worker-91: Building] INFO  o.a.m.s.f.DefaultMavenResourcesFiltering - Copying 3 resources from src\main\resources to target\classes
2025-08-06 15:45:34,033 [Worker-91: Building] INFO  o.a.m.s.f.DefaultMavenResourcesFiltering - skip non existing resourceDirectory C:\Users\2414287\OneDrive - Cognizant\Desktop\EXPERIMENT - Copy\OFDS-main\paymentmodule\src\test\resources
